<?xml version="1.0" encoding="UTF-8"?>
<!-- Generated by org.testng.reporters.JUnitReportReporter -->
<testsuite hostname="DESKTOP-64I3QH3" failures="0" tests="1" name="PageObjectModel.SignInAmazon" time="13.271" errors="0" timestamp="2022-01-22T16:20:34 EST" skipped="0">
  <testcase classname="PageObjectModel.SignInAmazon" name="f" time="13.271"/>
  <system-out/>
</testsuite> <!-- PageObjectModel.SignInAmazon -->
