<?xml version="1.0" encoding="UTF-8"?>
<!-- Generated by org.testng.reporters.JUnitReportReporter -->
<testsuite hostname="DESKTOP-64I3QH3" failures="0" tests="2" name="TestNGAmazon.NewTest" time="59.278" errors="0" timestamp="2022-01-23T17:27:20 EST" skipped="0">
  <testcase classname="TestNGAmazon.NewTest" name="Amazontest" time="30.364"/>
  <system-out/>
  <testcase classname="TestNGAmazon.NewTest" name="Amazontest" time="28.914"/>
  <system-out/>
</testsuite> <!-- TestNGAmazon.NewTest -->
