<?xml version="1.0" encoding="UTF-8"?>
<!-- Generated by org.testng.reporters.JUnitReportReporter -->
<testsuite hostname="DESKTOP-64I3QH3" failures="0" tests="2" name="HomeDepot.TestHomeDepot.NewTest" time="0.004" errors="0" timestamp="2022-01-16T21:47:29 EST" skipped="0">
  <testcase classname="HomeDepot.TestHomeDepot.NewTest" name="f" time="0.003"/>
  <system-out/>
  <testcase classname="HomeDepot.TestHomeDepot.NewTest" name="f6" time="0.001"/>
  <system-out/>
</testsuite> <!-- HomeDepot.TestHomeDepot.NewTest -->
